#
# A fatal error has been detected by the Java Runtime Environment:
#
#  EXCEPTION_ACCESS_VIOLATION (0xc0000005) at pc=0x00007ffda83f0ae7, pid=14128, tid=16396
#
# JRE version: OpenJDK Runtime Environment (15.0.2+7) (build 15.0.2+7-27)
# Java VM: OpenJDK 64-Bit Server VM (15.0.2+7-27, mixed mode, tiered, compressed oops, g1 gc, windows-amd64)
# Problematic frame:
# V  [jvm.dll+0x2a0ae7]
#
# No core dump will be written. Minidumps are not enabled by default on client versions of Windows
#
# If you would like to submit a bug report, please visit:
#   https://bugreport.java.com/bugreport/crash.jsp
#

---------------  S U M M A R Y ------------

Command Line: -XX:+ShowCodeDetailsInExceptionMessages -agentlib:jdwp=transport=dt_socket,suspend=y,address=localhost:64511 -Dcom.sun.management.jmxremote -Dcom.sun.management.jmxremote.port=64507 -Dcom.sun.management.jmxremote.authenticate=false -Dcom.sun.management.jmxremote.ssl=false -Djava.rmi.server.hostname=localhost -Dspring.jmx.enabled=true -Dspring.application.admin.enabled=true -XX:TieredStopAtLevel=1 -Dspring.boot.project.name=stock_java -javaagent:D:\Softwares\sts-4.10.0.RELEASE\configuration\org.eclipse.osgi\254\0\.cp\lib\javaagent-shaded.jar -Dfile.encoding=UTF-8 com.tts.stock.StockJavaApplication --spring.output.ansi.enabled=always

Host: Intel(R) Core(TM) i5-7200U CPU @ 2.50GHz, 4 cores, 15G,  Windows 10 , 64 bit Build 19041 (10.0.19041.5915)
Time: Mon Aug 18 16:01:56 2025 Myanmar Standard Time elapsed time: 1787.736102 seconds (0d 0h 29m 47s)

---------------  T H R E A D  ---------------

Current thread (0x000001ac42e614b0):  GCTaskThread "GC Thread#0" [stack: 0x000000430d100000,0x000000430d200000] [id=16396]

Stack: [0x000000430d100000,0x000000430d200000],  sp=0x000000430d1ff800,  free space=1022k
Native frames: (J=compiled Java code, j=interpreted, Vv=VM code, C=native code)
V  [jvm.dll+0x2a0ae7]
V  [jvm.dll+0x2a0fdb]
V  [jvm.dll+0x326f9f]
V  [jvm.dll+0x326f32]
V  [jvm.dll+0x2c321c]
V  [jvm.dll+0x325cf4]
V  [jvm.dll+0x2c37ce]
V  [jvm.dll+0x7adfc0]
V  [jvm.dll+0x73d75a]
V  [jvm.dll+0x629c56]
C  [ucrtbase.dll+0x21bb2]
C  [KERNEL32.DLL+0x17374]
C  [ntdll.dll+0x4cc91]


siginfo: EXCEPTION_ACCESS_VIOLATION (0xc0000005), reading address 0x0000000000000018


Register to memory mapping:

RIP=0x00007ffda83f0ae7 jvm.dll
RAX=0x0000000000000018 is an unknown value
RBX=0x0000000000000010 is an unknown value
RCX=0x0000000000000010 is an unknown value
RDX=0x000001ac40c40000 points into unknown readable memory: 0x0000000000000000 | 00 00 00 00 00 00 00 00
RSP=0x000000430d1ff800 points into unknown readable memory: 0x0000000702fffdf0 | f0 fd ff 02 07 00 00 00
RBP=0x0000000000000001 is an unknown value
RSI=0x00000000000001bf is an unknown value
RDI=0x000001ac6854d9d0 points into unknown readable memory: 0x0050005c00000200 | 00 02 00 00 5c 00 50 00
R8 =0x000001ac40be1ec0 points into unknown readable memory: 0x000001ac40be0cf0 | f0 0c be 40 ac 01 00 00
R9 =0x0000000000000001 is an unknown value
R10=0x0000000000008000 is an unknown value
R11=0x000000430d1ff760 points into unknown readable memory: 0x0000000000000000 | 00 00 00 00 00 00 00 00
R12=0x0 is NULL
R13=0x0 is NULL
R14=0x0000000000000df8 is an unknown value
R15=0x0 is NULL


Registers:
RAX=0x0000000000000018, RBX=0x0000000000000010, RCX=0x0000000000000010, RDX=0x000001ac40c40000
RSP=0x000000430d1ff800, RBP=0x0000000000000001, RSI=0x00000000000001bf, RDI=0x000001ac6854d9d0
R8 =0x000001ac40be1ec0, R9 =0x0000000000000001, R10=0x0000000000008000, R11=0x000000430d1ff760
R12=0x0000000000000000, R13=0x0000000000000000, R14=0x0000000000000df8, R15=0x0000000000000000
RIP=0x00007ffda83f0ae7, EFLAGS=0x0000000000010202

Top of Stack: (sp=0x000000430d1ff800)
0x000000430d1ff800:   0000000702fffdf0 00007ffd00000000
0x000000430d1ff810:   000001ac42e91550 000001ac42e91550
0x000000430d1ff820:   000001ac42e53390 000001ac40cf54e0
0x000000430d1ff830:   000000430d6fed78 00007ffda83f0fdb
0x000000430d1ff840:   000001ac40cf54e8 0000000000000000
0x000000430d1ff850:   000000430d1ffa00 000001ac68574b80
0x000000430d1ff860:   000001ac40cf54f8 00007ffda8476f9f
0x000000430d1ff870:   0000000702ffffc8 00007ffda874ccb3
0x000000430d1ff880:   0000000701a00000 0000000000000005
0x000000430d1ff890:   0000000702fffff0 00007ffda8472f64
0x000000430d1ff8a0:   000001ac40cf54e0 00007ffda8476f32
0x000000430d1ff8b0:   000000430d6fed78 000000430d6fed78
0x000000430d1ff8c0:   000001ac40cf54f8 000000430d1ffa00
0x000000430d1ff8d0:   000000430d1ffa00 00007ffda841321c
0x000000430d1ff8e0:   000001ac42e91530 000001ac42e91530
0x000000430d1ff8f0:   000001ac42e8e140 000001ac42e8e140 

Instructions: (pc=0x00007ffda83f0ae7)
0x00007ffda83f09e7:   45 33 c9 48 8b cd 48 c1 e1 03 4c 8b c0 41 8d 51
0x00007ffda83f09f7:   05 e8 93 e0 de ff 41 8b d6 48 89 43 08 39 13 7e
0x00007ffda83f0a07:   1b 49 8b ce 0f 1f 44 00 00 48 8b 43 08 48 8d 49
0x00007ffda83f0a17:   08 ff c2 4c 89 74 01 f8 3b 13 7c ed 48 8d 4c 24
0x00007ffda83f0a27:   48 e8 d3 e9 46 00 48 8b 08 48 89 4b 38 48 8b 48
0x00007ffda83f0a37:   08 48 89 4b 40 48 8b 48 10 48 89 4b 48 48 8b 48
0x00007ffda83f0a47:   18 48 89 4b 50 48 8b 48 20 48 89 4b 58 48 8b 48
0x00007ffda83f0a57:   28 48 89 4b 60 48 8b 48 30 48 89 4b 68 48 8d 4c
0x00007ffda83f0a67:   24 48 48 8b 40 38 48 89 43 70 e8 fa 96 d6 ff 4c
0x00007ffda83f0a77:   8d 9c 24 b0 00 00 00 4c 89 73 78 49 8b 6b 18 48
0x00007ffda83f0a87:   8b c3 49 8b 5b 10 49 8b 73 20 49 8b 7b 28 49 8b
0x00007ffda83f0a97:   e3 41 5e c3 cc cc cc cc cc 40 55 57 48 83 ec 28
0x00007ffda83f0aa7:   48 89 74 24 48 8b ea 4c 89 7c 24 20 48 8b f9 45
0x00007ffda83f0ab7:   33 ff 41 8b f7 44 39 39 7e 53 48 89 5c 24 40 4c
0x00007ffda83f0ac7:   89 74 24 50 45 8b f7 66 90 48 8b 47 08 49 8b 1c
0x00007ffda83f0ad7:   06 48 85 db 74 23 0f 1f 00 48 8d 43 08 48 8b cb
0x00007ffda83f0ae7:   48 8b 18 4c 89 38 8b 47 2c ff c8 89 47 2c e8 86
0x00007ffda83f0af7:   df de ff 48 83 e3 fe 75 e0 ff c6 49 83 c6 08 3b
0x00007ffda83f0b07:   37 7c c6 4c 8b 74 24 50 48 8b 5c 24 40 48 8b cf
0x00007ffda83f0b17:   e8 14 62 07 00 4c 8b 7c 24 20 48 8b 74 24 48 48
0x00007ffda83f0b27:   85 c0 74 1a 0f 1f 44 00 00 48 8b c8 e8 48 df de
0x00007ffda83f0b37:   ff 48 8b cf e8 f0 61 07 00 48 85 c0 75 eb 48 8b
0x00007ffda83f0b47:   cf e8 63 70 e5 ff 40 f6 c5 01 74 22 48 8b cf 40
0x00007ffda83f0b57:   f6 c5 04 75 0f e8 1f df de ff 48 8b c7 48 83 c4
0x00007ffda83f0b67:   28 5f 5d c3 ba 80 00 00 00 e8 fb 95 d6 ff 48 8b
0x00007ffda83f0b77:   c7 48 83 c4 28 5f 5d c3 cc 40 53 41 57 48 83 ec
0x00007ffda83f0b87:   28 48 83 79 08 00 48 8b da 4c 8b f9 75 24 45 33
0x00007ffda83f0b97:   c0 41 8d 50 05 8d 4a 7b e8 5c df de ff 48 85 c0
0x00007ffda83f0ba7:   74 0d ba 20 00 00 00 48 8b c8 e8 1a fd ff ff 49
0x00007ffda83f0bb7:   89 07 49 8b 0f 48 8b d3 e8 1c 01 00 00 84 c0 0f
0x00007ffda83f0bc7:   84 0b 01 00 00 49 8b 47 08 48 83 f8 18 0f 85 f6
0x00007ffda83f0bd7:   00 00 00 48 89 6c 24 40 8d 50 ed 48 89 74 24 48 


Stack slot to memory mapping:
stack at sp + 0 slots: 0x0000000702fffdf0 is an oop: [Lio.jsonwebtoken.SignatureAlgorithm; 
{0x0000000702fffdf0} - klass: 'io/jsonwebtoken/SignatureAlgorithm'[]
 - length: 13
stack at sp + 1 slots: 0x00007ffd00000000 is an unknown value
stack at sp + 2 slots: 0x000001ac42e91550 points into unknown readable memory: 0x0000000703000000 | 00 00 00 03 07 00 00 00
stack at sp + 3 slots: 0x000001ac42e91550 points into unknown readable memory: 0x0000000703000000 | 00 00 00 03 07 00 00 00
stack at sp + 4 slots: 0x000001ac42e53390 points into unknown readable memory: 0x00007ffda89e2398 | 98 23 9e a8 fd 7f 00 00
stack at sp + 5 slots: 0x000001ac40cf54e0 points into unknown readable memory: 0x000001ac42e15110 | 10 51 e1 42 ac 01 00 00
stack at sp + 6 slots: 0x000000430d6fed78 points into unknown readable memory: 0x0000008000000004 | 04 00 00 00 80 00 00 00
stack at sp + 7 slots: 0x00007ffda83f0fdb jvm.dll


---------------  P R O C E S S  ---------------

Threads class SMR info:
_java_thread_list=0x000001ac68b4c8b0, length=24, elements={
0x000001ac61cfd020, 0x000001ac61cfde80, 0x000001ac61d28940, 0x000001ac61d16a80,
0x000001ac61d19350, 0x000001ac61d19d10, 0x000001ac61d1e2a0, 0x000001ac61e06830,
0x000001ac61efe320, 0x000001ac61f16c00, 0x000001ac61f170f0, 0x000001ac62ad1d20,
0x000001ac62b032e0, 0x000001ac62b0a580, 0x000001ac62b2c040, 0x000001ac62b0ba60,
0x000001ac62b704d0, 0x000001ac62c3f760, 0x000001ac63421110, 0x000001ac63421ab0,
0x000001ac6341f900, 0x000001ac6627fd40, 0x000001ac662806e0, 0x000001ac66281080
}

Java Threads: ( => current thread )
  0x000001ac61cfd020 JavaThread "Reference Handler" daemon [_thread_blocked, id=20184, stack(0x000000430d700000,0x000000430d800000)]
  0x000001ac61cfde80 JavaThread "Finalizer" daemon [_thread_blocked, id=17768, stack(0x000000430d800000,0x000000430d900000)]
  0x000001ac61d28940 JavaThread "Signal Dispatcher" daemon [_thread_blocked, id=16928, stack(0x000000430d900000,0x000000430da00000)]
  0x000001ac61d16a80 JavaThread "Attach Listener" daemon [_thread_blocked, id=20824, stack(0x000000430da00000,0x000000430db00000)]
  0x000001ac61d19350 JavaThread "Service Thread" daemon [_thread_blocked, id=14804, stack(0x000000430db00000,0x000000430dc00000)]
  0x000001ac61d19d10 JavaThread "C1 CompilerThread0" daemon [_thread_blocked, id=2240, stack(0x000000430dc00000,0x000000430dd00000)]
  0x000001ac61d1e2a0 JavaThread "Sweeper thread" daemon [_thread_blocked, id=11744, stack(0x000000430dd00000,0x000000430de00000)]
  0x000001ac61e06830 JavaThread "Common-Cleaner" daemon [_thread_blocked, id=19048, stack(0x000000430de00000,0x000000430df00000)]
  0x000001ac61efe320 JavaThread "JDWP Transport Listener: dt_socket" daemon [_thread_blocked, id=7160, stack(0x000000430df00000,0x000000430e000000)]
  0x000001ac61f16c00 JavaThread "JDWP Event Helper Thread" daemon [_thread_blocked, id=19512, stack(0x000000430e000000,0x000000430e100000)]
  0x000001ac61f170f0 JavaThread "JDWP Command Reader" daemon [_thread_in_native, id=17840, stack(0x000000430e100000,0x000000430e200000)]
  0x000001ac62ad1d20 JavaThread "Notification Thread" daemon [_thread_blocked, id=21272, stack(0x000000430e600000,0x000000430e700000)]
  0x000001ac62b032e0 JavaThread "RMI TCP Accept-0" daemon [_thread_in_native, id=5616, stack(0x000000430e700000,0x000000430e800000)]
  0x000001ac62b0a580 JavaThread "RMI TCP Accept-0" daemon [_thread_in_native, id=14216, stack(0x000000430e800000,0x000000430e900000)]
  0x000001ac62b2c040 JavaThread "RMI TCP Connection(1)-127.0.0.1" daemon [_thread_blocked, id=1016, stack(0x000000430e900000,0x000000430ea00000)]
  0x000001ac62b0ba60 JavaThread "RMI TCP Accept-64507" daemon [_thread_in_native, id=14080, stack(0x000000430ea00000,0x000000430eb00000)]
  0x000001ac62b704d0 JavaThread "RMI Scheduler(0)" daemon [_thread_blocked, id=16796, stack(0x000000430eb00000,0x000000430ec00000)]
  0x000001ac62c3f760 JavaThread "RMI TCP Connection(idle)" daemon [_thread_blocked, id=1380, stack(0x000000430ef00000,0x000000430f000000)]
  0x000001ac63421110 JavaThread "JMX server connection timeout 25" daemon [_thread_blocked, id=2200, stack(0x000000430f000000,0x000000430f100000)]
  0x000001ac63421ab0 JavaThread "JMX server connection timeout 32" daemon [_thread_blocked, id=19164, stack(0x000000430ec00000,0x000000430ed00000)]
  0x000001ac6341f900 JavaThread "mysql-cj-abandoned-connection-cleanup" daemon [_thread_blocked, id=19552, stack(0x000000430f300000,0x000000430f400000)]
  0x000001ac6627fd40 JavaThread "Live Reload Server" daemon [_thread_in_native, id=20920, stack(0x000000430f900000,0x000000430fa00000)]
  0x000001ac662806e0 JavaThread "DestroyJavaVM" [_thread_blocked, id=4936, stack(0x000000430d000000,0x000000430d100000)]
  0x000001ac66281080 JavaThread "Thread-79" [_thread_blocked, id=15516, stack(0x000000430ee00000,0x000000430ef00000)]

Other Threads:
  0x000001ac61cc7930 VMThread "VM Thread" [stack: 0x000000430d600000,0x000000430d700000] [id=21376]
  0x000001ac62b54650 WatcherThread [stack: 0x000000430ed00000,0x000000430ee00000] [id=19804]
=>0x000001ac42e614b0 GCTaskThread "GC Thread#0" [stack: 0x000000430d100000,0x000000430d200000] [id=16396]
  0x000001ac61ef1f60 GCTaskThread "GC Thread#1" [stack: 0x000000430e300000,0x000000430e400000] [id=5164]
  0x000001ac628d25f0 GCTaskThread "GC Thread#2" [stack: 0x000000430e400000,0x000000430e500000] [id=11636]
  0x000001ac628d12d0 GCTaskThread "GC Thread#3" [stack: 0x000000430e500000,0x000000430e600000] [id=18612]
  0x000001ac42e725d0 ConcurrentGCThread "G1 Main Marker" [stack: 0x000000430d200000,0x000000430d300000] [id=19880]
  0x000001ac42e741d0 ConcurrentGCThread "G1 Conc#0" [stack: 0x000000430d300000,0x000000430d400000] [id=6316]
  0x000001ac612ea100 ConcurrentGCThread "G1 Refine#0" [stack: 0x000000430d400000,0x000000430d500000] [id=12204]
  0x000001ac612eab10 ConcurrentGCThread "G1 Young RemSet Sampling" [stack: 0x000000430d500000,0x000000430d600000] [id=16500]

Threads with active compile tasks:

VM state: at safepoint (normal execution)

VM Mutex/Monitor currently owned by a thread:  ([mutex/lock_event])
[0x000001ac42e10c10] Threads_lock - owner thread: 0x000001ac61cc7930
[0x000001ac42e116c0] Heap_lock - owner thread: 0x000001ac66281080

Heap address: 0x0000000701a00000, size: 4070 MB, Compressed Oops mode: Zero based, Oop shift amount: 3
CDS disabled.
Compressed class space mapped at: 0x0000000800000000-0x0000000840000000, size: 1073741824
Narrow klass base: 0x0000000800000000, Narrow klass shift: 0, Narrow klass range: 0x40000000

GC Precious Log:
 CPUs: 4 total, 4 available
 Memory: 16277M
 Large Page Support: Disabled
 NUMA Support: Disabled
 Compressed Oops: Enabled (Zero based)
 Heap Region Size: 2M
 Heap Min Capacity: 8M
 Heap Initial Capacity: 256M
 Heap Max Capacity: 4070M
 Pre-touch: Disabled
 Parallel Workers: 4
 Concurrent Workers: 1
 Concurrent Refinement Workers: 4
 Periodic GC: Disabled

Heap:
 garbage-first heap   total 208896K, used 148574K [0x0000000701a00000, 0x0000000800000000)
  region size 2048K, 22 young (45056K), 3 survivors (6144K)
 Metaspace       used 90014K, capacity 93261K, committed 93432K, reserved 1130496K
  class space    used 11175K, capacity 12175K, committed 12280K, reserved 1048576K

Heap Regions: E=young(eden), S=young(survivor), O=old, HS=humongous(starts), HC=humongous(continues), CS=collection set, F=free, OA=open archive, CA=closed archive, TAMS=top-at-mark-start (previous, next)
|   0|0x0000000701a00000, 0x0000000701bffff8, 0x0000000701c00000| 99%| O|  |TAMS 0x0000000701bffff8, 0x0000000701a00000| Untracked 
|   1|0x0000000701c00000, 0x0000000701dfffe8, 0x0000000701e00000| 99%| O|  |TAMS 0x0000000701dfffe8, 0x0000000701c00000| Untracked 
|   2|0x0000000701e00000, 0x0000000702000000, 0x0000000702000000|100%| O|  |TAMS 0x0000000702000000, 0x0000000701e00000| Untracked 
|   3|0x0000000702000000, 0x0000000702200000, 0x0000000702200000|100%| O|  |TAMS 0x0000000702200000, 0x0000000702000000| Untracked 
|   4|0x0000000702200000, 0x00000007023fffe0, 0x0000000702400000| 99%| O|  |TAMS 0x00000007023fffe0, 0x0000000702200000| Untracked 
|   5|0x0000000702400000, 0x00000007025fffe8, 0x0000000702600000| 99%| O|  |TAMS 0x00000007025fffe8, 0x0000000702400000| Untracked 
|   6|0x0000000702600000, 0x0000000702800000, 0x0000000702800000|100%| O|  |TAMS 0x0000000702800000, 0x0000000702600000| Untracked 
|   7|0x0000000702800000, 0x00000007029ffff0, 0x0000000702a00000| 99%| O|  |TAMS 0x00000007029ffff0, 0x0000000702800000| Untracked 
|   8|0x0000000702a00000, 0x0000000702bffff0, 0x0000000702c00000| 99%| O|  |TAMS 0x0000000702bffff0, 0x0000000702a00000| Untracked 
|   9|0x0000000702c00000, 0x0000000702dffff0, 0x0000000702e00000| 99%| O|  |TAMS 0x0000000702dffff0, 0x0000000702c00000| Untracked 
|  10|0x0000000702e00000, 0x0000000702fffff0, 0x0000000703000000| 99%| O|  |TAMS 0x0000000702fffff0, 0x0000000702e00000| Untracked 
|  11|0x0000000703000000, 0x00000007031fffe8, 0x0000000703200000| 99%| O|  |TAMS 0x00000007031fffe8, 0x0000000703000000| Untracked 
|  12|0x0000000703200000, 0x00000007033fffe0, 0x0000000703400000| 99%| O|  |TAMS 0x00000007033fffe0, 0x0000000703200000| Untracked 
|  13|0x0000000703400000, 0x0000000703600000, 0x0000000703600000|100%| O|  |TAMS 0x0000000703600000, 0x0000000703400000| Untracked 
|  14|0x0000000703600000, 0x00000007037ffff0, 0x0000000703800000| 99%| O|  |TAMS 0x00000007037ffff0, 0x0000000703600000| Untracked 
|  15|0x0000000703800000, 0x00000007039fffd0, 0x0000000703a00000| 99%| O|  |TAMS 0x00000007039fffd0, 0x0000000703800000| Untracked 
|  16|0x0000000703a00000, 0x0000000703c00000, 0x0000000703c00000|100%| O|  |TAMS 0x0000000703c00000, 0x0000000703a00000| Untracked 
|  17|0x0000000703c00000, 0x0000000703e00000, 0x0000000703e00000|100%| O|  |TAMS 0x0000000703e00000, 0x0000000703c00000| Untracked 
|  18|0x0000000703e00000, 0x0000000703ffffc8, 0x0000000704000000| 99%| O|  |TAMS 0x0000000703ffffc8, 0x0000000703e00000| Untracked 
|  19|0x0000000704000000, 0x00000007041fffc0, 0x0000000704200000| 99%| O|  |TAMS 0x00000007041fffc0, 0x0000000704000000| Untracked 
|  20|0x0000000704200000, 0x00000007043fffe0, 0x0000000704400000| 99%| O|  |TAMS 0x00000007043fffe0, 0x0000000704200000| Untracked 
|  21|0x0000000704400000, 0x00000007045fffd0, 0x0000000704600000| 99%| O|  |TAMS 0x00000007045fffd0, 0x0000000704400000| Untracked 
|  22|0x0000000704600000, 0x00000007047fffe0, 0x0000000704800000| 99%| O|  |TAMS 0x00000007047fffe0, 0x0000000704600000| Untracked 
|  23|0x0000000704800000, 0x00000007049fffc0, 0x0000000704a00000| 99%| O|  |TAMS 0x00000007049fffc0, 0x0000000704800000| Untracked 
|  24|0x0000000704a00000, 0x0000000704bffff8, 0x0000000704c00000| 99%| O|  |TAMS 0x0000000704bffff8, 0x0000000704a00000| Untracked 
|  25|0x0000000704c00000, 0x0000000704e00000, 0x0000000704e00000|100%| O|  |TAMS 0x0000000704e00000, 0x0000000704c00000| Untracked 
|  26|0x0000000704e00000, 0x0000000704ffff48, 0x0000000705000000| 99%| O|  |TAMS 0x0000000704ffff48, 0x0000000704e00000| Untracked 
|  27|0x0000000705000000, 0x00000007051fffe8, 0x0000000705200000| 99%| O|  |TAMS 0x00000007051fffe8, 0x0000000705000000| Untracked 
|  28|0x0000000705200000, 0x00000007053ffff8, 0x0000000705400000| 99%| O|  |TAMS 0x00000007053ffff8, 0x0000000705200000| Untracked 
|  29|0x0000000705400000, 0x00000007055ffff8, 0x0000000705600000| 99%| O|  |TAMS 0x00000007055ffff8, 0x0000000705400000| Untracked 
|  30|0x0000000705600000, 0x00000007057fffe8, 0x0000000705800000| 99%| O|  |TAMS 0x00000007057fffe8, 0x0000000705600000| Untracked 
|  31|0x0000000705800000, 0x0000000705a00000, 0x0000000705a00000|100%| O|  |TAMS 0x0000000705a00000, 0x0000000705800000| Untracked 
|  32|0x0000000705a00000, 0x0000000705bfffe0, 0x0000000705c00000| 99%| O|  |TAMS 0x0000000705bfffe0, 0x0000000705a00000| Untracked 
|  33|0x0000000705c00000, 0x0000000705dfffb8, 0x0000000705e00000| 99%| O|  |TAMS 0x0000000705dfffb8, 0x0000000705c00000| Untracked 
|  34|0x0000000705e00000, 0x0000000705fffff8, 0x0000000706000000| 99%| O|  |TAMS 0x0000000705fffff8, 0x0000000705e00000| Untracked 
|  35|0x0000000706000000, 0x00000007061ffff0, 0x0000000706200000| 99%| O|  |TAMS 0x00000007061ffff0, 0x0000000706000000| Untracked 
|  36|0x0000000706200000, 0x00000007063fffb0, 0x0000000706400000| 99%| O|  |TAMS 0x00000007063fffb0, 0x0000000706200000| Untracked 
|  37|0x0000000706400000, 0x00000007065fffc0, 0x0000000706600000| 99%| O|  |TAMS 0x00000007065fffc0, 0x0000000706400000| Untracked 
|  38|0x0000000706600000, 0x00000007067fffc8, 0x0000000706800000| 99%| O|  |TAMS 0x00000007067fffc8, 0x0000000706600000| Untracked 
|  39|0x0000000706800000, 0x00000007069fff48, 0x0000000706a00000| 99%| O|  |TAMS 0x00000007069fff48, 0x0000000706800000| Untracked 
|  40|0x0000000706a00000, 0x0000000706bfffe8, 0x0000000706c00000| 99%| O|  |TAMS 0x0000000706bfffe8, 0x0000000706a00000| Untracked 
|  41|0x0000000706c00000, 0x0000000706dffff8, 0x0000000706e00000| 99%| O|  |TAMS 0x0000000706dffff8, 0x0000000706c00000| Untracked 
|  42|0x0000000706e00000, 0x0000000707000000, 0x0000000707000000|100%| O|  |TAMS 0x0000000707000000, 0x0000000706e00000| Untracked 
|  43|0x0000000707000000, 0x00000007071fffe8, 0x0000000707200000| 99%| O|  |TAMS 0x00000007071fffe8, 0x0000000707000000| Untracked 
|  44|0x0000000707200000, 0x00000007073ffff0, 0x0000000707400000| 99%| O|  |TAMS 0x00000007073ffff0, 0x0000000707200000| Untracked 
|  45|0x0000000707400000, 0x00000007075fffe8, 0x0000000707600000| 99%| O|  |TAMS 0x00000007075fffe8, 0x0000000707400000| Untracked 
|  46|0x0000000707600000, 0x00000007077ffff0, 0x0000000707800000| 99%| O|  |TAMS 0x00000007077ffff0, 0x0000000707600000| Untracked 
|  47|0x0000000707800000, 0x00000007079fffe8, 0x0000000707a00000| 99%| O|  |TAMS 0x00000007079fffe8, 0x0000000707800000| Untracked 
|  48|0x0000000707a00000, 0x0000000707b59e68, 0x0000000707c00000| 67%| O|  |TAMS 0x0000000707b59e68, 0x0000000707a00000| Untracked 
|  49|0x0000000707c00000, 0x0000000707c00000, 0x0000000707e00000|  0%| F|  |TAMS 0x0000000707c00000, 0x0000000707c00000| Untracked 
|  50|0x0000000707e00000, 0x0000000707e00000, 0x0000000708000000|  0%| F|  |TAMS 0x0000000707e00000, 0x0000000707e00000| Untracked 
|  51|0x0000000708000000, 0x0000000708000000, 0x0000000708200000|  0%| F|  |TAMS 0x0000000708000000, 0x0000000708000000| Untracked 
|  52|0x0000000708200000, 0x0000000708200000, 0x0000000708400000|  0%| F|  |TAMS 0x0000000708200000, 0x0000000708200000| Untracked 
|  53|0x0000000708400000, 0x00000007085ffff0, 0x0000000708600000| 99%| O|  |TAMS 0x00000007085ffff0, 0x0000000708400000| Untracked 
|  54|0x0000000708600000, 0x00000007087fffe8, 0x0000000708800000| 99%| O|  |TAMS 0x00000007087fffe8, 0x0000000708600000| Untracked 
|  55|0x0000000708800000, 0x000000070881a750, 0x0000000708a00000|  5%| O|  |TAMS 0x000000070881a750, 0x0000000708800000| Untracked 
|  56|0x0000000708a00000, 0x0000000708a00000, 0x0000000708c00000|  0%| F|  |TAMS 0x0000000708a00000, 0x0000000708a00000| Untracked 
|  57|0x0000000708c00000, 0x0000000708c00000, 0x0000000708e00000|  0%| F|  |TAMS 0x0000000708c00000, 0x0000000708c00000| Untracked 
|  58|0x0000000708e00000, 0x0000000708e00000, 0x0000000709000000|  0%| F|  |TAMS 0x0000000708e00000, 0x0000000708e00000| Untracked 
|  59|0x0000000709000000, 0x0000000709000000, 0x0000000709200000|  0%| F|  |TAMS 0x0000000709000000, 0x0000000709000000| Untracked 
|  60|0x0000000709200000, 0x0000000709200000, 0x0000000709400000|  0%| F|  |TAMS 0x0000000709200000, 0x0000000709200000| Untracked 
|  61|0x0000000709400000, 0x000000070946fc28, 0x0000000709600000| 21%| O|  |TAMS 0x000000070946fc28, 0x0000000709400000| Untracked 
|  62|0x0000000709600000, 0x0000000709600000, 0x0000000709800000|  0%| F|  |TAMS 0x0000000709600000, 0x0000000709600000| Untracked 
|  63|0x0000000709800000, 0x0000000709800000, 0x0000000709a00000|  0%| F|  |TAMS 0x0000000709800000, 0x0000000709800000| Untracked 
|  64|0x0000000709a00000, 0x0000000709a00000, 0x0000000709c00000|  0%| F|  |TAMS 0x0000000709a00000, 0x0000000709a00000| Untracked 
|  65|0x0000000709c00000, 0x0000000709c00000, 0x0000000709e00000|  0%| F|  |TAMS 0x0000000709c00000, 0x0000000709c00000| Untracked 
|  66|0x0000000709e00000, 0x0000000709e00000, 0x000000070a000000|  0%| F|  |TAMS 0x0000000709e00000, 0x0000000709e00000| Untracked 
|  67|0x000000070a000000, 0x000000070a000000, 0x000000070a200000|  0%| F|  |TAMS 0x000000070a000000, 0x000000070a000000| Untracked 
|  68|0x000000070a200000, 0x000000070a200000, 0x000000070a400000|  0%| F|  |TAMS 0x000000070a200000, 0x000000070a200000| Untracked 
|  69|0x000000070a400000, 0x000000070a400000, 0x000000070a600000|  0%| F|  |TAMS 0x000000070a400000, 0x000000070a400000| Untracked 
|  70|0x000000070a600000, 0x000000070a600000, 0x000000070a800000|  0%| F|  |TAMS 0x000000070a600000, 0x000000070a600000| Untracked 
|  71|0x000000070a800000, 0x000000070a800000, 0x000000070aa00000|  0%| F|  |TAMS 0x000000070a800000, 0x000000070a800000| Untracked 
|  72|0x000000070aa00000, 0x000000070aa00000, 0x000000070ac00000|  0%| F|  |TAMS 0x000000070aa00000, 0x000000070aa00000| Untracked 
|  73|0x000000070ac00000, 0x000000070ac00000, 0x000000070ae00000|  0%| F|  |TAMS 0x000000070ac00000, 0x000000070ac00000| Untracked 
|  74|0x000000070ae00000, 0x000000070b000000, 0x000000070b000000|100%| S|  |TAMS 0x000000070ae00000, 0x000000070ae00000| Untracked 
|  75|0x000000070b000000, 0x000000070b200000, 0x000000070b200000|100%| S|  |TAMS 0x000000070b000000, 0x000000070b000000| Untracked 
|  76|0x000000070b200000, 0x000000070b400000, 0x000000070b400000|100%| S|  |TAMS 0x000000070b200000, 0x000000070b200000| Untracked 
|  77|0x000000070b400000, 0x000000070b400000, 0x000000070b600000|  0%| F|  |TAMS 0x000000070b400000, 0x000000070b400000| Untracked 
|  78|0x000000070b600000, 0x000000070b600000, 0x000000070b800000|  0%| F|  |TAMS 0x000000070b600000, 0x000000070b600000| Untracked 
|  79|0x000000070b800000, 0x000000070b800000, 0x000000070ba00000|  0%| F|  |TAMS 0x000000070b800000, 0x000000070b800000| Untracked 
|  80|0x000000070ba00000, 0x000000070ba00000, 0x000000070bc00000|  0%| F|  |TAMS 0x000000070ba00000, 0x000000070ba00000| Untracked 
|  81|0x000000070bc00000, 0x000000070bc00000, 0x000000070be00000|  0%| F|  |TAMS 0x000000070bc00000, 0x000000070bc00000| Untracked 
|  82|0x000000070be00000, 0x000000070be00000, 0x000000070c000000|  0%| F|  |TAMS 0x000000070be00000, 0x000000070be00000| Untracked 
|  83|0x000000070c000000, 0x000000070c133d40, 0x000000070c200000| 60%| E|  |TAMS 0x000000070c000000, 0x000000070c000000| Untracked 
|  84|0x000000070c200000, 0x000000070c400000, 0x000000070c400000|100%| E|  |TAMS 0x000000070c200000, 0x000000070c200000| Untracked 
|  85|0x000000070c400000, 0x000000070c600000, 0x000000070c600000|100%| E|  |TAMS 0x000000070c400000, 0x000000070c400000| Untracked 
|  86|0x000000070c600000, 0x000000070c800000, 0x000000070c800000|100%| E|  |TAMS 0x000000070c600000, 0x000000070c600000| Untracked 
|  87|0x000000070c800000, 0x000000070ca00000, 0x000000070ca00000|100%| E|  |TAMS 0x000000070c800000, 0x000000070c800000| Untracked 
|  88|0x000000070ca00000, 0x000000070cc00000, 0x000000070cc00000|100%| E|  |TAMS 0x000000070ca00000, 0x000000070ca00000| Untracked 
|  89|0x000000070cc00000, 0x000000070ce00000, 0x000000070ce00000|100%| E|  |TAMS 0x000000070cc00000, 0x000000070cc00000| Untracked 
|  90|0x000000070ce00000, 0x000000070d000000, 0x000000070d000000|100%| E|  |TAMS 0x000000070ce00000, 0x000000070ce00000| Untracked 
|  91|0x000000070d000000, 0x000000070d200000, 0x000000070d200000|100%| E|  |TAMS 0x000000070d000000, 0x000000070d000000| Untracked 
|  92|0x000000070d200000, 0x000000070d400000, 0x000000070d400000|100%| E|  |TAMS 0x000000070d200000, 0x000000070d200000| Untracked 
|  93|0x000000070d400000, 0x000000070d600000, 0x000000070d600000|100%| E|  |TAMS 0x000000070d400000, 0x000000070d400000| Untracked 
|  94|0x000000070d600000, 0x000000070d800000, 0x000000070d800000|100%| E|  |TAMS 0x000000070d600000, 0x000000070d600000| Untracked 
|  95|0x000000070d800000, 0x000000070da00000, 0x000000070da00000|100%| E|  |TAMS 0x000000070d800000, 0x000000070d800000| Untracked 
|  96|0x000000070da00000, 0x000000070dc00000, 0x000000070dc00000|100%| E|  |TAMS 0x000000070da00000, 0x000000070da00000| Untracked 
|  97|0x000000070dc00000, 0x000000070de00000, 0x000000070de00000|100%| E|  |TAMS 0x000000070dc00000, 0x000000070dc00000| Untracked 
|  98|0x000000070de00000, 0x000000070e000000, 0x000000070e000000|100%| E|  |TAMS 0x000000070de00000, 0x000000070de00000| Untracked 
|  99|0x000000070e000000, 0x000000070e200000, 0x000000070e200000|100%| E|  |TAMS 0x000000070e000000, 0x000000070e000000| Untracked 
| 100|0x000000070e200000, 0x000000070e400000, 0x000000070e400000|100%| E|  |TAMS 0x000000070e200000, 0x000000070e200000| Untracked 
| 101|0x000000070e400000, 0x000000070e600000, 0x000000070e600000|100%| E|  |TAMS 0x000000070e400000, 0x000000070e400000| Untracked 

Card table byte_map: [0x000001ac56010000,0x000001ac56810000] _byte_map_base: 0x000001ac52803000

Marking Bits (Prev, Next): (CMBitMap*) 0x000001ac42e61d20, (CMBitMap*) 0x000001ac42e61d60
 Prev Bits: [0x000001ac57010000, 0x000001ac5afa8000)
 Next Bits: [0x000001ac5afb0000, 0x000001ac5ef48000)

Polling page: 0x000001ac425d0000

Metaspace:

Usage:
  Non-class:     79.19 MB capacity,    76.99 MB ( 97%) used,     1.97 MB (  2%) free+waste,   228.31 KB ( <1%) overhead. 
      Class:     11.89 MB capacity,    10.91 MB ( 92%) used,   897.31 KB (  7%) free+waste,   102.12 KB ( <1%) overhead. 
       Both:     91.08 MB capacity,    87.91 MB ( 97%) used,     2.85 MB (  3%) free+waste,   330.44 KB ( <1%) overhead. 

Virtual space:
  Non-class space:       80.00 MB reserved,      79.25 MB (>99%) committed 
      Class space:        1.00 GB reserved,      11.99 MB (  1%) committed 
             Both:        1.08 GB reserved,      91.24 MB (  8%) committed 

Chunk freelists:
   Non-Class:  2.00 KB
       Class:  17.00 KB
        Both:  19.00 KB

MaxMetaspaceSize: 17179869184.00 GB
CompressedClassSpaceSize: 1.00 GB

CodeHeap 'non-profiled nmethods': size=238912Kb used=22609Kb max_used=22609Kb free=216302Kb
 bounds [0x000001ac46ec0000, 0x000001ac484e0000, 0x000001ac55810000]
CodeHeap 'non-nmethods': size=6848Kb used=1411Kb max_used=1411Kb free=5436Kb
 bounds [0x000001ac46810000, 0x000001ac46a80000, 0x000001ac46ec0000]
 total_blobs=13329 nmethods=12707 adapters=548
 compilation: enabled
              stopped_count=0, restarted_count=0
 full_count=0

Compilation events (20 events):
Event: 1747.984 Thread 0x000001ac61d19d10 12698       1       com.fasterxml.jackson.databind.introspect.POJOPropertyBuilder::<init> (32 bytes)
Event: 1747.984 Thread 0x000001ac61d19d10 nmethod 12698 0x000001ac484d1310 code [0x000001ac484d14a0, 0x000001ac484d16f8]
Event: 1747.984 Thread 0x000001ac61d19d10 12699       1       com.fasterxml.jackson.databind.introspect.POJOPropertyBuilder::anyVisible (50 bytes)
Event: 1747.985 Thread 0x000001ac61d19d10 nmethod 12699 0x000001ac484d1790 code [0x000001ac484d1920, 0x000001ac484d1b38]
Event: 1747.985 Thread 0x000001ac61d19d10 12700       1       com.fasterxml.jackson.databind.ser.BeanPropertyWriter::getSerializationType (5 bytes)
Event: 1747.985 Thread 0x000001ac61d19d10 nmethod 12700 0x000001ac484d1c90 code [0x000001ac484d1e20, 0x000001ac484d1ed8]
Event: 1747.985 Thread 0x000001ac61d19d10 12701       1       com.fasterxml.jackson.databind.ser.BeanPropertyWriter::getType (5 bytes)
Event: 1747.985 Thread 0x000001ac61d19d10 nmethod 12701 0x000001ac484d1f90 code [0x000001ac484d2120, 0x000001ac484d21d8]
Event: 1747.985 Thread 0x000001ac61d19d10 12702       1       org.springframework.security.web.firewall.FirewalledResponse::addHeader (13 bytes)
Event: 1747.986 Thread 0x000001ac61d19d10 nmethod 12702 0x000001ac484d2290 code [0x000001ac484d24a0, 0x000001ac484d2998]
Event: 1747.986 Thread 0x000001ac61d19d10 12703       1       org.apache.catalina.connector.ResponseFacade::addHeader (18 bytes)
Event: 1747.986 Thread 0x000001ac61d19d10 nmethod 12703 0x000001ac484d2d90 code [0x000001ac484d2f60, 0x000001ac484d31b8]
Event: 1747.986 Thread 0x000001ac61d19d10 12704       1       org.apache.catalina.connector.Response::addHeader (74 bytes)
Event: 1747.987 Thread 0x000001ac61d19d10 nmethod 12704 0x000001ac484d3390 code [0x000001ac484d3580, 0x000001ac484d3988]
Event: 1787.603 Thread 0x000001ac61d19d10 12705       1       org.apache.tomcat.util.net.AbstractEndpoint::getHandler (5 bytes)
Event: 1787.603 Thread 0x000001ac61d19d10 nmethod 12705 0x000001ac484d3d10 code [0x000001ac484d3ea0, 0x000001ac484d3f58]
Event: 1787.605 Thread 0x000001ac61d19d10 12706       1       org.hibernate.boot.registry.classloading.internal.AggregatedServiceLoader$ClassPathAndModulePathAggregatedServiceLoader::close (6 bytes)
Event: 1787.606 Thread 0x000001ac61d19d10 nmethod 12706 0x000001ac484d4010 code [0x000001ac484d41a0, 0x000001ac484d4278]
Event: 1787.608 Thread 0x000001ac61d19d10 12707       1       org.springframework.web.filter.GenericFilterBean::destroy (1 bytes)
Event: 1787.608 Thread 0x000001ac61d19d10 nmethod 12707 0x000001ac484d4310 code [0x000001ac484d44a0, 0x000001ac484d4558]

GC Heap History (20 events):
Event: 1653.977 GC heap after
{Heap after GC invocations=120 (full 17):
 garbage-first heap   total 182272K, used 100553K [0x0000000701a00000, 0x0000000800000000)
  region size 2048K, 2 young (4096K), 2 survivors (4096K)
 Metaspace       used 87958K, capacity 91101K, committed 91384K, reserved 1128448K
  class space    used 11007K, capacity 11980K, committed 12024K, reserved 1048576K
}
Event: 1654.664 GC heap before
{Heap before GC invocations=121 (full 17):
 garbage-first heap   total 192512K, used 151753K [0x0000000701a00000, 0x0000000800000000)
  region size 2048K, 27 young (55296K), 2 survivors (4096K)
 Metaspace       used 88457K, capacity 91595K, committed 91768K, reserved 1128448K
  class space    used 11041K, capacity 12025K, committed 12152K, reserved 1048576K
}
Event: 1654.672 GC heap after
{Heap after GC invocations=122 (full 17):
 garbage-first heap   total 192512K, used 102623K [0x0000000701a00000, 0x0000000800000000)
  region size 2048K, 3 young (6144K), 3 survivors (6144K)
 Metaspace       used 88457K, capacity 91595K, committed 91768K, reserved 1128448K
  class space    used 11041K, capacity 12025K, committed 12152K, reserved 1048576K
}
Event: 1664.621 GC heap before
{Heap before GC invocations=122 (full 17):
 garbage-first heap   total 192512K, used 127199K [0x0000000701a00000, 0x0000000800000000)
  region size 2048K, 16 young (32768K), 3 survivors (6144K)
 Metaspace       used 88474K, capacity 91601K, committed 91768K, reserved 1128448K
  class space    used 11043K, capacity 12027K, committed 12152K, reserved 1048576K
}
Event: 1664.761 GC heap after
{Heap after GC invocations=123 (full 18):
 garbage-first heap   total 192512K, used 100406K [0x0000000701a00000, 0x0000000800000000)
  region size 2048K, 0 young (0K), 0 survivors (0K)
 Metaspace       used 88424K, capacity 91523K, committed 91768K, reserved 1128448K
  class space    used 11036K, capacity 12014K, committed 12152K, reserved 1048576K
}
Event: 1665.390 GC heap before
{Heap before GC invocations=123 (full 18):
 garbage-first heap   total 192512K, used 157750K [0x0000000701a00000, 0x0000000800000000)
  region size 2048K, 29 young (59392K), 0 survivors (0K)
 Metaspace       used 88607K, capacity 91771K, committed 92024K, reserved 1128448K
  class space    used 11064K, capacity 12054K, committed 12152K, reserved 1048576K
}
Event: 1665.396 GC heap after
{Heap after GC invocations=124 (full 18):
 garbage-first heap   total 192512K, used 104502K [0x0000000701a00000, 0x0000000800000000)
  region size 2048K, 2 young (4096K), 2 survivors (4096K)
 Metaspace       used 88607K, capacity 91771K, committed 92024K, reserved 1128448K
  class space    used 11064K, capacity 12054K, committed 12152K, reserved 1048576K
}
Event: 1665.583 GC heap before
{Heap before GC invocations=124 (full 18):
 garbage-first heap   total 192512K, used 157750K [0x0000000701a00000, 0x0000000800000000)
  region size 2048K, 29 young (59392K), 2 survivors (4096K)
 Metaspace       used 88659K, capacity 91771K, committed 92024K, reserved 1128448K
  class space    used 11068K, capacity 12054K, committed 12152K, reserved 1048576K
}
Event: 1665.589 GC heap after
{Heap after GC invocations=125 (full 18):
 garbage-first heap   total 192512K, used 104904K [0x0000000701a00000, 0x0000000800000000)
  region size 2048K, 3 young (6144K), 3 survivors (6144K)
 Metaspace       used 88659K, capacity 91771K, committed 92024K, reserved 1128448K
  class space    used 11068K, capacity 12054K, committed 12152K, reserved 1048576K
}
Event: 1666.235 GC heap before
{Heap before GC invocations=126 (full 18):
 garbage-first heap   total 192512K, used 158152K [0x0000000701a00000, 0x0000000800000000)
  region size 2048K, 29 young (59392K), 3 survivors (6144K)
 Metaspace       used 89106K, capacity 92265K, committed 92536K, reserved 1130496K
  class space    used 11098K, capacity 12099K, committed 12152K, reserved 1048576K
}
Event: 1666.243 GC heap after
{Heap after GC invocations=127 (full 18):
 garbage-first heap   total 192512K, used 107153K [0x0000000701a00000, 0x0000000800000000)
  region size 2048K, 4 young (8192K), 4 survivors (8192K)
 Metaspace       used 89106K, capacity 92265K, committed 92536K, reserved 1130496K
  class space    used 11098K, capacity 12099K, committed 12152K, reserved 1048576K
}
Event: 1692.667 GC heap before
{Heap before GC invocations=127 (full 18):
 garbage-first heap   total 192512K, used 123537K [0x0000000701a00000, 0x0000000800000000)
  region size 2048K, 13 young (26624K), 4 survivors (8192K)
 Metaspace       used 89123K, capacity 92271K, committed 92536K, reserved 1130496K
  class space    used 11100K, capacity 12101K, committed 12152K, reserved 1048576K
}
Event: 1692.854 GC heap after
{Heap after GC invocations=128 (full 19):
 garbage-first heap   total 192512K, used 104334K [0x0000000701a00000, 0x0000000800000000)
  region size 2048K, 0 young (0K), 0 survivors (0K)
 Metaspace       used 89072K, capacity 92193K, committed 92536K, reserved 1130496K
  class space    used 11093K, capacity 12088K, committed 12152K, reserved 1048576K
}
Event: 1693.670 GC heap before
{Heap before GC invocations=128 (full 19):
 garbage-first heap   total 192512K, used 157582K [0x0000000701a00000, 0x0000000800000000)
  region size 2048K, 27 young (55296K), 0 survivors (0K)
 Metaspace       used 89256K, capacity 92441K, committed 92664K, reserved 1130496K
  class space    used 11121K, capacity 12128K, committed 12280K, reserved 1048576K
}
Event: 1693.675 GC heap after
{Heap after GC invocations=129 (full 19):
 garbage-first heap   total 192512K, used 108430K [0x0000000701a00000, 0x0000000800000000)
  region size 2048K, 2 young (4096K), 2 survivors (4096K)
 Metaspace       used 89256K, capacity 92441K, committed 92664K, reserved 1130496K
  class space    used 11121K, capacity 12128K, committed 12280K, reserved 1048576K
}
Event: 1693.770 GC heap before
{Heap before GC invocations=129 (full 19):
 garbage-first heap   total 192512K, used 157582K [0x0000000701a00000, 0x0000000800000000)
  region size 2048K, 27 young (55296K), 2 survivors (4096K)
 Metaspace       used 89256K, capacity 92441K, committed 92664K, reserved 1130496K
  class space    used 11121K, capacity 12128K, committed 12280K, reserved 1048576K
}
Event: 1693.775 GC heap after
{Heap after GC invocations=130 (full 19):
 garbage-first heap   total 192512K, used 108396K [0x0000000701a00000, 0x0000000800000000)
  region size 2048K, 2 young (4096K), 2 survivors (4096K)
 Metaspace       used 89256K, capacity 92441K, committed 92664K, reserved 1130496K
  class space    used 11121K, capacity 12128K, committed 12280K, reserved 1048576K
}
Event: 1694.320 GC heap before
{Heap before GC invocations=131 (full 19):
 garbage-first heap   total 208896K, used 159596K [0x0000000701a00000, 0x0000000800000000)
  region size 2048K, 27 young (55296K), 2 survivors (4096K)
 Metaspace       used 89754K, capacity 92935K, committed 93176K, reserved 1130496K
  class space    used 11154K, capacity 12173K, committed 12280K, reserved 1048576K
}
Event: 1694.328 GC heap after
{Heap after GC invocations=132 (full 19):
 garbage-first heap   total 208896K, used 110478K [0x0000000701a00000, 0x0000000800000000)
  region size 2048K, 3 young (6144K), 3 survivors (6144K)
 Metaspace       used 89754K, capacity 92935K, committed 93176K, reserved 1130496K
  class space    used 11154K, capacity 12173K, committed 12280K, reserved 1048576K
}
Event: 1787.609 GC heap before
{Heap before GC invocations=132 (full 19):
 garbage-first heap   total 208896K, used 147342K [0x0000000701a00000, 0x0000000800000000)
  region size 2048K, 22 young (45056K), 3 survivors (6144K)
 Metaspace       used 90014K, capacity 93261K, committed 93432K, reserved 1130496K
  class space    used 11175K, capacity 12175K, committed 12280K, reserved 1048576K
}

Deoptimization events (20 events):
Event: 1787.602 Thread 0x000001ac6627f870 DEOPT PACKING pc=0x000001ac47979604 sp=0x00000043100fea80
Event: 1787.602 Thread 0x000001ac6627f870 DEOPT UNPACKING pc=0x000001ac4685e23f sp=0x00000043100fe020 mode 1
Event: 1787.602 Thread 0x000001ac66284a40 DEOPT PACKING pc=0x000001ac47979604 sp=0x000000430fffec50
Event: 1787.602 Thread 0x000001ac66284a40 DEOPT UNPACKING pc=0x000001ac4685e23f sp=0x000000430fffe1f0 mode 1
Event: 1787.603 Thread 0x000001ac66281a20 DEOPT PACKING pc=0x000001ac47951774 sp=0x000000430f2fed80
Event: 1787.603 Thread 0x000001ac66281a20 DEOPT UNPACKING pc=0x000001ac4685e23f sp=0x000000430f2fe320 mode 1
Event: 1787.603 Thread 0x000001ac66281a20 DEOPT PACKING pc=0x000001ac47973b2c sp=0x000000430f2fef20
Event: 1787.603 Thread 0x000001ac66281a20 DEOPT UNPACKING pc=0x000001ac4685e23f sp=0x000000430f2fe468 mode 1
Event: 1787.603 Thread 0x000001ac66281a20 DEOPT PACKING pc=0x000001ac47974fdc sp=0x000000430f2ff040
Event: 1787.603 Thread 0x000001ac66281a20 DEOPT UNPACKING pc=0x000001ac4685e23f sp=0x000000430f2fe4e0 mode 1
Event: 1787.603 Thread 0x000001ac66281a20 DEOPT PACKING pc=0x000001ac47971774 sp=0x000000430f2ff080
Event: 1787.603 Thread 0x000001ac66281a20 DEOPT UNPACKING pc=0x000001ac4685e23f sp=0x000000430f2fe580 mode 1
Event: 1787.603 Thread 0x000001ac6627f3a0 DEOPT PACKING pc=0x000001ac47979604 sp=0x000000430f4fef90
Event: 1787.603 Thread 0x000001ac6627f3a0 DEOPT UNPACKING pc=0x000001ac4685e23f sp=0x000000430f4fe528 mode 1
Event: 1787.603 Thread 0x000001ac6627f3a0 DEOPT PACKING pc=0x000001ac47973a84 sp=0x000000430f4ff0f0
Event: 1787.603 Thread 0x000001ac6627f3a0 DEOPT UNPACKING pc=0x000001ac4685e23f sp=0x000000430f4fe638 mode 1
Event: 1787.603 Thread 0x000001ac6627f3a0 DEOPT PACKING pc=0x000001ac47974fdc sp=0x000000430f4ff210
Event: 1787.603 Thread 0x000001ac6627f3a0 DEOPT UNPACKING pc=0x000001ac4685e23f sp=0x000000430f4fe6b0 mode 1
Event: 1787.603 Thread 0x000001ac6627f3a0 DEOPT PACKING pc=0x000001ac47971774 sp=0x000000430f4ff250
Event: 1787.603 Thread 0x000001ac6627f3a0 DEOPT UNPACKING pc=0x000001ac4685e23f sp=0x000000430f4fe750 mode 1

Classes unloaded (20 events):
Event: 1692.747 Thread 0x000001ac61cc7930 Unloading class 0x0000000800b91840 'jdk/internal/reflect/GeneratedSerializationConstructorAccessor271'
Event: 1692.747 Thread 0x000001ac61cc7930 Unloading class 0x0000000800b3ec40 'jdk/internal/reflect/GeneratedSerializationConstructorAccessor270'
Event: 1692.747 Thread 0x000001ac61cc7930 Unloading class 0x0000000800b3e840 'jdk/internal/reflect/GeneratedSerializationConstructorAccessor269'
Event: 1692.747 Thread 0x000001ac61cc7930 Unloading class 0x0000000800b97440 'jdk/internal/reflect/GeneratedSerializationConstructorAccessor268'
Event: 1692.747 Thread 0x000001ac61cc7930 Unloading class 0x0000000800b3fc40 'jdk/internal/reflect/GeneratedSerializationConstructorAccessor267'
Event: 1692.747 Thread 0x000001ac61cc7930 Unloading class 0x0000000800b3f040 'jdk/internal/reflect/GeneratedSerializationConstructorAccessor266'
Event: 1692.747 Thread 0x000001ac61cc7930 Unloading class 0x0000000800b4a040 'jdk/internal/reflect/GeneratedSerializationConstructorAccessor265'
Event: 1787.681 Thread 0x000001ac61cc7930 Unloading class 0x0000000800bd5840 'jdk/internal/reflect/GeneratedSerializationConstructorAccessor290'
Event: 1787.681 Thread 0x000001ac61cc7930 Unloading class 0x0000000800bd6440 'jdk/internal/reflect/GeneratedSerializationConstructorAccessor289'
Event: 1787.681 Thread 0x000001ac61cc7930 Unloading class 0x0000000800bd6040 'jdk/internal/reflect/GeneratedSerializationConstructorAccessor288'
Event: 1787.681 Thread 0x000001ac61cc7930 Unloading class 0x0000000800bd6c40 'jdk/internal/reflect/GeneratedSerializationConstructorAccessor287'
Event: 1787.681 Thread 0x000001ac61cc7930 Unloading class 0x0000000800bd6840 'jdk/internal/reflect/GeneratedSerializationConstructorAccessor286'
Event: 1787.681 Thread 0x000001ac61cc7930 Unloading class 0x0000000800bd7440 'jdk/internal/reflect/GeneratedSerializationConstructorAccessor285'
Event: 1787.681 Thread 0x000001ac61cc7930 Unloading class 0x0000000800bd7040 'jdk/internal/reflect/GeneratedSerializationConstructorAccessor284'
Event: 1787.681 Thread 0x000001ac61cc7930 Unloading class 0x0000000800bd7c40 'jdk/internal/reflect/GeneratedSerializationConstructorAccessor283'
Event: 1787.681 Thread 0x000001ac61cc7930 Unloading class 0x0000000800bd7840 'jdk/internal/reflect/GeneratedSerializationConstructorAccessor282'
Event: 1787.681 Thread 0x000001ac61cc7930 Unloading class 0x0000000800b4a040 'jdk/internal/reflect/GeneratedSerializationConstructorAccessor281'
Event: 1787.681 Thread 0x000001ac61cc7930 Unloading class 0x0000000800b3f040 'jdk/internal/reflect/GeneratedSerializationConstructorAccessor280'
Event: 1787.681 Thread 0x000001ac61cc7930 Unloading class 0x0000000800b3fc40 'jdk/internal/reflect/GeneratedSerializationConstructorAccessor279'
Event: 1787.681 Thread 0x000001ac61cc7930 Unloading class 0x0000000800b97440 'jdk/internal/reflect/GeneratedSerializationConstructorAccessor278'

Classes redefined (20 events):
Event: 1786.489 Thread 0x000001ac61cc7930 redefined class name=com.tts.stock.dao.ReportDaoImpl, count=7
Event: 1786.489 Thread 0x000001ac61cc7930 redefined class name=com.tts.stock.dao.ReportDaoImpl, count=1
Event: 1786.489 Thread 0x000001ac61cc7930 redefined class name=com.tts.stock.dao.ReportDaoImpl, count=3
Event: 1786.489 Thread 0x000001ac61cc7930 redefined class name=com.tts.stock.dao.ReportDaoImpl, count=8
Event: 1786.489 Thread 0x000001ac61cc7930 redefined class name=com.tts.stock.dao.ReportDaoImpl, count=1
Event: 1786.489 Thread 0x000001ac61cc7930 redefined class name=com.tts.stock.dao.ReportDaoImpl, count=1
Event: 1786.489 Thread 0x000001ac61cc7930 redefined class name=com.tts.stock.dao.ReportDaoImpl, count=9
Event: 1786.489 Thread 0x000001ac61cc7930 redefined class name=com.tts.stock.dao.ReportDaoImpl, count=2
Event: 1786.489 Thread 0x000001ac61cc7930 redefined class name=com.tts.stock.dao.ReportDaoImpl, count=10
Event: 1786.489 Thread 0x000001ac61cc7930 redefined class name=com.tts.stock.dao.ReportDaoImpl, count=11
Event: 1786.489 Thread 0x000001ac61cc7930 redefined class name=com.tts.stock.dao.ReportDaoImpl, count=4
Event: 1786.489 Thread 0x000001ac61cc7930 redefined class name=com.tts.stock.dao.ReportDaoImpl, count=12
Event: 1786.489 Thread 0x000001ac61cc7930 redefined class name=com.tts.stock.dao.ReportDaoImpl, count=1
Event: 1786.489 Thread 0x000001ac61cc7930 redefined class name=com.tts.stock.dao.ReportDaoImpl, count=1
Event: 1786.490 Thread 0x000001ac61cc7930 redefined class name=com.tts.stock.dao.ReportDaoImpl, count=1
Event: 1786.490 Thread 0x000001ac61cc7930 redefined class name=com.tts.stock.dao.ReportDaoImpl, count=5
Event: 1786.490 Thread 0x000001ac61cc7930 redefined class name=com.tts.stock.dao.ReportDaoImpl, count=13
Event: 1786.490 Thread 0x000001ac61cc7930 redefined class name=com.tts.stock.dao.ReportDaoImpl, count=15
Event: 1786.490 Thread 0x000001ac61cc7930 redefined class name=com.tts.stock.dao.ReportDaoImpl, count=6
Event: 1786.490 Thread 0x000001ac61cc7930 redefined class name=com.tts.stock.dao.ReportDaoImpl, count=14

Internal exceptions (20 events):
Event: 1693.589 Thread 0x000001ac66281080 Exception <a 'java/lang/NoClassDefFoundError'{0x000000070a9815b0}: org/springframework/batch/core/repository/JobRepository> (0x000000070a9815b0) 
thrown [./open/src/hotspot/share/oops/constantPool.cpp, line 804]
Event: 1693.590 Thread 0x000001ac66281080 Exception <a 'java/lang/NoClassDefFoundError'{0x000000070a9818e8}: org/quartz/Scheduler> (0x000000070a9818e8) 
thrown [./open/src/hotspot/share/oops/constantPool.cpp, line 804]
Event: 1693.590 Thread 0x000001ac66281080 Exception <a 'java/lang/NoClassDefFoundError'{0x000000070a981c20}: org/springframework/session/jdbc/JdbcIndexedSessionRepository> (0x000000070a981c20) 
thrown [./open/src/hotspot/share/oops/constantPool.cpp, line 804]
Event: 1693.696 Thread 0x000001ac66281080 Exception <a 'sun/nio/fs/WindowsException'{0x000000070a83e468}> (0x000000070a83e468) 
thrown [./open/src/hotspot/share/prims/jni.cpp, line 578]
Event: 1693.696 Thread 0x000001ac66281080 Exception <a 'sun/nio/fs/WindowsException'{0x000000070a83ea48}> (0x000000070a83ea48) 
thrown [./open/src/hotspot/share/prims/jni.cpp, line 578]
Event: 1693.696 Thread 0x000001ac66281080 Exception <a 'sun/nio/fs/WindowsException'{0x000000070a83f0f0}> (0x000000070a83f0f0) 
thrown [./open/src/hotspot/share/prims/jni.cpp, line 578]
Event: 1693.711 Thread 0x000001ac66281080 Exception <a 'java/io/FileNotFoundException'{0x000000070a880568}> (0x000000070a880568) 
thrown [./open/src/hotspot/share/prims/jni.cpp, line 578]
Event: 1693.830 Thread 0x000001ac66281080 Exception <a 'java/lang/ClassNotFoundException'{0x000000070d0646a8}: java/lang/ObjectCustomizer> (0x000000070d0646a8) 
thrown [./open/src/hotspot/share/classfile/systemDictionary.cpp, line 295]
Event: 1693.831 Thread 0x000001ac66281080 Exception <a 'java/lang/ClassNotFoundException'{0x000000070d071038}: org/springframework/security/config/annotation/web/configuration/WebSecurityConfigurerAdapterCustomizer> (0x000000070d071038) 
thrown [./open/src/hotspot/share/classfile/systemDictionary.cpp, line 295]
Event: 1693.834 Thread 0x000001ac66281080 Exception <a 'java/lang/ClassNotFoundException'{0x000000070d0821a0}: com/tts/stock/SecurityConfigurationCustomizer> (0x000000070d0821a0) 
thrown [./open/src/hotspot/share/classfile/systemDictionary.cpp, line 295]
Event: 1693.836 Thread 0x000001ac66281080 Exception <a 'java/lang/ClassNotFoundException'{0x000000070d08f720}: com/tts/stock/SecurityConfiguration$$EnhancerBySpringCGLIB$$f5b19f9fCustomizer> (0x000000070d08f720) 
thrown [./open/src/hotspot/share/classfile/systemDictionary.cpp, line 295]
Event: 1693.838 Thread 0x000001ac66281080 Exception <a 'java/lang/ClassNotFoundException'{0x000000070d0a83a8}: org/springframework/context/annotation/ConfigurationClassEnhancer$EnhancedConfigurationCustomizer> (0x000000070d0a83a8) 
thrown [./open/src/hotspot/share/classfile/systemDictionary.cpp, line 295]
Event: 1693.840 Thread 0x000001ac66281080 Exception <a 'java/lang/ClassNotFoundException'{0x000000070d0b0650}: org/springframework/beans/factory/BeanFactoryAwareCustomizer> (0x000000070d0b0650) 
thrown [./open/src/hotspot/share/classfile/systemDictionary.cpp, line 295]
Event: 1693.841 Thread 0x000001ac66281080 Exception <a 'java/lang/ClassNotFoundException'{0x000000070d0b99d0}: org/springframework/beans/factory/AwareCustomizer> (0x000000070d0b99d0) 
thrown [./open/src/hotspot/share/classfile/systemDictionary.cpp, line 295]
Event: 1693.842 Thread 0x000001ac66281080 Exception <a 'java/lang/ClassNotFoundException'{0x000000070d0c2fb8}: org/springframework/security/config/annotation/web/WebSecurityConfigurerCustomizer> (0x000000070d0c2fb8) 
thrown [./open/src/hotspot/share/classfile/systemDictionary.cpp, line 295]
Event: 1693.844 Thread 0x000001ac66281080 Exception <a 'java/lang/ClassNotFoundException'{0x000000070d0cb968}: org/springframework/security/config/annotation/SecurityConfigurerCustomizer> (0x000000070d0cb968) 
thrown [./open/src/hotspot/share/classfile/systemDictionary.cpp, line 295]
Event: 1694.015 Thread 0x000001ac66281080 Exception <a 'java/io/FileNotFoundException'{0x000000070dc4d098}> (0x000000070dc4d098) 
thrown [./open/src/hotspot/share/prims/jni.cpp, line 578]
Event: 1747.973 Thread 0x000001ac66284570 Exception <a 'java/lang/ArrayIndexOutOfBoundsException'{0x000000070c7be3d8}: Index 12 out of bounds for length 12> (0x000000070c7be3d8) 
thrown [./open/src/hotspot/share/interpreter/interpreterRuntime.cpp, line 443]
Event: 1747.982 Thread 0x000001ac66284570 Exception <a 'java/lang/reflect/InvocationTargetException'{0x000000070c7e3038}> (0x000000070c7e3038) 
thrown [./open/src/hotspot/share/runtime/reflection.cpp, line 1157]
Event: 1787.603 Thread 0x000001ac66283700 Exception <a 'java/lang/InterruptedException'{0x000000070c07b828}: sleep interrupted> (0x000000070c07b828) 
thrown [./open/src/hotspot/share/prims/jvm.cpp, line 3278]

Events (20 events):
Event: 1786.464 Executing VM operation: RedefineClasses
Event: 1786.523 Executing VM operation: RedefineClasses done
Event: 1787.575 Thread 0x000001ac66281080 Thread added: 0x000001ac66281080
Event: 1787.575 Thread 0x000001ac66281ef0 Thread exited: 0x000001ac66281ef0
Event: 1787.597 Thread 0x000001ac63420c40 Thread exited: 0x000001ac63420c40
Event: 1787.600 Thread 0x000001ac662858b0 Thread exited: 0x000001ac662858b0
Event: 1787.601 Thread 0x000001ac66284570 Thread exited: 0x000001ac66284570
Event: 1787.601 Thread 0x000001ac66284f10 Thread exited: 0x000001ac66284f10
Event: 1787.601 Thread 0x000001ac662823c0 Thread exited: 0x000001ac662823c0
Event: 1787.601 Thread 0x000001ac6627e060 Thread exited: 0x000001ac6627e060
Event: 1787.601 Thread 0x000001ac6627eed0 Thread exited: 0x000001ac6627eed0
Event: 1787.602 Thread 0x000001ac662840a0 Thread exited: 0x000001ac662840a0
Event: 1787.602 Thread 0x000001ac6627e530 Thread exited: 0x000001ac6627e530
Event: 1787.602 Thread 0x000001ac662853e0 Thread exited: 0x000001ac662853e0
Event: 1787.602 Thread 0x000001ac6627f870 Thread exited: 0x000001ac6627f870
Event: 1787.602 Thread 0x000001ac66284a40 Thread exited: 0x000001ac66284a40
Event: 1787.603 Thread 0x000001ac66283700 Thread exited: 0x000001ac66283700
Event: 1787.604 Thread 0x000001ac6627f3a0 Thread exited: 0x000001ac6627f3a0
Event: 1787.604 Thread 0x000001ac66281a20 Thread exited: 0x000001ac66281a20
Event: 1787.609 Executing VM operation: G1CollectFull


Dynamic libraries:
0x00007ff7984e0000 - 0x00007ff7984ed000 	D:\Softwares\sts-4.10.0.RELEASE\plugins\org.eclipse.justj.openjdk.hotspot.jre.full.win32.x86_64_15.0.2.v20210201-0955\jre\bin\javaw.exe
0x00007ffe227b0000 - 0x00007ffe229a8000 	C:\Windows\SYSTEM32\ntdll.dll
0x00007ffdece00000 - 0x00007ffdece20000 	C:\Program Files\Avast Software\Avast\aswhook.dll
0x00007ffe20d80000 - 0x00007ffe20e42000 	C:\Windows\System32\KERNEL32.DLL
0x00007ffe203d0000 - 0x00007ffe206c7000 	C:\Windows\System32\KERNELBASE.dll
0x00007ffe206d0000 - 0x00007ffe207d0000 	C:\Windows\System32\ucrtbase.dll
0x00007ffe01410000 - 0x00007ffe01428000 	D:\Softwares\sts-4.10.0.RELEASE\plugins\org.eclipse.justj.openjdk.hotspot.jre.full.win32.x86_64_15.0.2.v20210201-0955\jre\bin\jli.dll
0x00007ffe22270000 - 0x00007ffe2240d000 	C:\Windows\System32\USER32.dll
0x00007ffe20350000 - 0x00007ffe20372000 	C:\Windows\System32\win32u.dll
0x00007ffe22240000 - 0x00007ffe2226b000 	C:\Windows\System32\GDI32.dll
0x00007ffe20020000 - 0x00007ffe20139000 	C:\Windows\System32\gdi32full.dll
0x00007ffe1ff80000 - 0x00007ffe2001d000 	C:\Windows\System32\msvcp_win.dll
0x00007ffe17d80000 - 0x00007ffe17d99000 	D:\Softwares\sts-4.10.0.RELEASE\plugins\org.eclipse.justj.openjdk.hotspot.jre.full.win32.x86_64_15.0.2.v20210201-0955\jre\bin\VCRUNTIME140.dll
0x00007ffe00fd0000 - 0x00007ffe0126a000 	C:\Windows\WinSxS\amd64_microsoft.windows.common-controls_6595b64144ccf1df_6.0.19041.5915_none_60b4b9d171f9c7c7\COMCTL32.dll
0x00007ffe21f50000 - 0x00007ffe21fee000 	C:\Windows\System32\msvcrt.dll
0x00007ffe21d10000 - 0x00007ffe21d3f000 	C:\Windows\System32\IMM32.DLL
0x00007ffe17d70000 - 0x00007ffe17d7c000 	D:\Softwares\sts-4.10.0.RELEASE\plugins\org.eclipse.justj.openjdk.hotspot.jre.full.win32.x86_64_15.0.2.v20210201-0955\jre\bin\vcruntime140_1.dll
0x00007ffddc310000 - 0x00007ffddc3a1000 	D:\Softwares\sts-4.10.0.RELEASE\plugins\org.eclipse.justj.openjdk.hotspot.jre.full.win32.x86_64_15.0.2.v20210201-0955\jre\bin\msvcp140.dll
0x00007ffda8150000 - 0x00007ffda8cae000 	D:\Softwares\sts-4.10.0.RELEASE\plugins\org.eclipse.justj.openjdk.hotspot.jre.full.win32.x86_64_15.0.2.v20210201-0955\jre\bin\server\jvm.dll
0x00007ffe20be0000 - 0x00007ffe20c91000 	C:\Windows\System32\ADVAPI32.dll
0x00007ffe21d50000 - 0x00007ffe21def000 	C:\Windows\System32\sechost.dll
0x00007ffe22110000 - 0x00007ffe22236000 	C:\Windows\System32\RPCRT4.dll
0x00007ffe1fed0000 - 0x00007ffe1fef7000 	C:\Windows\System32\bcrypt.dll
0x00007ffe21d40000 - 0x00007ffe21d48000 	C:\Windows\System32\PSAPI.DLL
0x00007ffe09ef0000 - 0x00007ffe09ef9000 	C:\Windows\SYSTEM32\WSOCK32.dll
0x00007ffe21df0000 - 0x00007ffe21e5b000 	C:\Windows\System32\WS2_32.dll
0x00007ffe01370000 - 0x00007ffe01397000 	C:\Windows\SYSTEM32\WINMM.dll
0x00007ffe171e0000 - 0x00007ffe171ea000 	C:\Windows\SYSTEM32\VERSION.dll
0x00007ffe1e620000 - 0x00007ffe1e632000 	C:\Windows\SYSTEM32\kernel.appcore.dll
0x00007ffe16a80000 - 0x00007ffe16a8a000 	D:\Softwares\sts-4.10.0.RELEASE\plugins\org.eclipse.justj.openjdk.hotspot.jre.full.win32.x86_64_15.0.2.v20210201-0955\jre\bin\jimage.dll
0x00007ffe1db40000 - 0x00007ffe1dd41000 	C:\Windows\SYSTEM32\DBGHELP.DLL
0x00007ffe146f0000 - 0x00007ffe14724000 	C:\Windows\SYSTEM32\dbgcore.DLL
0x00007ffe1fe40000 - 0x00007ffe1fec2000 	C:\Windows\System32\bcryptPrimitives.dll
0x00007ffe1a1d0000 - 0x00007ffe1a209000 	D:\Softwares\sts-4.10.0.RELEASE\plugins\org.eclipse.justj.openjdk.hotspot.jre.full.win32.x86_64_15.0.2.v20210201-0955\jre\bin\jdwp.dll
0x00007ffe01460000 - 0x00007ffe0146e000 	D:\Softwares\sts-4.10.0.RELEASE\plugins\org.eclipse.justj.openjdk.hotspot.jre.full.win32.x86_64_15.0.2.v20210201-0955\jre\bin\instrument.dll
0x00007ffe01430000 - 0x00007ffe01455000 	D:\Softwares\sts-4.10.0.RELEASE\plugins\org.eclipse.justj.openjdk.hotspot.jre.full.win32.x86_64_15.0.2.v20210201-0955\jre\bin\java.dll
0x00007ffe013f0000 - 0x00007ffe01408000 	D:\Softwares\sts-4.10.0.RELEASE\plugins\org.eclipse.justj.openjdk.hotspot.jre.full.win32.x86_64_15.0.2.v20210201-0955\jre\bin\zip.dll
0x00007ffe21130000 - 0x00007ffe2189e000 	C:\Windows\System32\SHELL32.dll
0x00007ffe1de60000 - 0x00007ffe1e604000 	C:\Windows\SYSTEM32\windows.storage.dll
0x00007ffe20880000 - 0x00007ffe20bd3000 	C:\Windows\System32\combase.dll
0x00007ffe1f6c0000 - 0x00007ffe1f6eb000 	C:\Windows\SYSTEM32\Wldp.dll
0x00007ffe21e70000 - 0x00007ffe21f3d000 	C:\Windows\System32\OLEAUT32.dll
0x00007ffe207d0000 - 0x00007ffe2087d000 	C:\Windows\System32\SHCORE.dll
0x00007ffe22490000 - 0x00007ffe224eb000 	C:\Windows\System32\shlwapi.dll
0x00007ffe1fd70000 - 0x00007ffe1fd94000 	C:\Windows\SYSTEM32\profapi.dll
0x00007ffe1a260000 - 0x00007ffe1a26b000 	D:\Softwares\sts-4.10.0.RELEASE\plugins\org.eclipse.justj.openjdk.hotspot.jre.full.win32.x86_64_15.0.2.v20210201-0955\jre\bin\dt_socket.dll
0x00007ffe1f1a0000 - 0x00007ffe1f1db000 	C:\Windows\SYSTEM32\IPHLPAPI.DLL
0x00007ffe1f4a0000 - 0x00007ffe1f50a000 	C:\Windows\system32\mswsock.dll
0x00007ffe1f1e0000 - 0x00007ffe1f2aa000 	C:\Windows\SYSTEM32\DNSAPI.dll
0x00007ffe21f40000 - 0x00007ffe21f48000 	C:\Windows\System32\NSI.dll
0x00007ffe15d90000 - 0x00007ffe15d9a000 	C:\Windows\System32\rasadhlp.dll
0x00007ffe0f400000 - 0x00007ffe0f480000 	C:\Windows\System32\fwpuclnt.dll
0x00007ffe013a0000 - 0x00007ffe013b9000 	D:\Softwares\sts-4.10.0.RELEASE\plugins\org.eclipse.justj.openjdk.hotspot.jre.full.win32.x86_64_15.0.2.v20210201-0955\jre\bin\net.dll
0x00007ffe15610000 - 0x00007ffe1571a000 	C:\Windows\SYSTEM32\WINHTTP.dll
0x00007ffe002f0000 - 0x00007ffe00302000 	D:\Softwares\sts-4.10.0.RELEASE\plugins\org.eclipse.justj.openjdk.hotspot.jre.full.win32.x86_64_15.0.2.v20210201-0955\jre\bin\nio.dll
0x00007ffe17d50000 - 0x00007ffe17d59000 	D:\Softwares\sts-4.10.0.RELEASE\plugins\org.eclipse.justj.openjdk.hotspot.jre.full.win32.x86_64_15.0.2.v20210201-0955\jre\bin\management.dll
0x00007ffe17d40000 - 0x00007ffe17d4b000 	D:\Softwares\sts-4.10.0.RELEASE\plugins\org.eclipse.justj.openjdk.hotspot.jre.full.win32.x86_64_15.0.2.v20210201-0955\jre\bin\management_ext.dll
0x00007ffe1f700000 - 0x00007ffe1f718000 	C:\Windows\SYSTEM32\CRYPTSP.dll
0x00007ffe1ede0000 - 0x00007ffe1ee18000 	C:\Windows\system32\rsaenh.dll
0x00007ffe1fd30000 - 0x00007ffe1fd5e000 	C:\Windows\SYSTEM32\USERENV.dll
0x00007ffe1f630000 - 0x00007ffe1f63c000 	C:\Windows\SYSTEM32\CRYPTBASE.dll
0x00007ffe157a0000 - 0x00007ffe157b7000 	C:\Windows\SYSTEM32\dhcpcsvc6.DLL
0x00007ffe15c10000 - 0x00007ffe15c2d000 	C:\Windows\SYSTEM32\dhcpcsvc.DLL
0x00007ffdfb390000 - 0x00007ffdfb3a7000 	C:\Windows\system32\napinsp.dll
0x00007ffdfb370000 - 0x00007ffdfb38b000 	C:\Windows\system32\pnrpnsp.dll
0x00007ffe181d0000 - 0x00007ffe181ed000 	C:\Windows\system32\wshbth.dll
0x00007ffe19710000 - 0x00007ffe1972d000 	C:\Windows\system32\NLAapi.dll
0x00007ffdfb350000 - 0x00007ffdfb362000 	C:\Windows\System32\winrnr.dll
0x00007ffe002d0000 - 0x00007ffe002e0000 	D:\Softwares\sts-4.10.0.RELEASE\plugins\org.eclipse.justj.openjdk.hotspot.jre.full.win32.x86_64_15.0.2.v20210201-0955\jre\bin\verify.dll
0x00007ffdef3c0000 - 0x00007ffdef3cd000 	D:\Softwares\sts-4.10.0.RELEASE\plugins\org.eclipse.justj.openjdk.hotspot.jre.full.win32.x86_64_15.0.2.v20210201-0955\jre\bin\sunmscapi.dll
0x00007ffe201f0000 - 0x00007ffe2034d000 	C:\Windows\System32\CRYPT32.dll
0x00007ffe1f7f0000 - 0x00007ffe1f817000 	C:\Windows\SYSTEM32\ncrypt.dll
0x00007ffe1f770000 - 0x00007ffe1f7ab000 	C:\Windows\SYSTEM32\NTASN1.dll

dbghelp: loaded successfully - version: 4.0.5 - missing functions: none
symbol engine: initialized successfully - sym options: 0x614 - pdb path: .;D:\Softwares\sts-4.10.0.RELEASE\plugins\org.eclipse.justj.openjdk.hotspot.jre.full.win32.x86_64_15.0.2.v20210201-0955\jre\bin;C:\Windows\SYSTEM32;C:\Program Files\Avast Software\Avast;C:\Windows\WinSxS\amd64_microsoft.windows.common-controls_6595b64144ccf1df_6.0.19041.5915_none_60b4b9d171f9c7c7;D:\Softwares\sts-4.10.0.RELEASE\plugins\org.eclipse.justj.openjdk.hotspot.jre.full.win32.x86_64_15.0.2.v20210201-0955\jre\bin\server

VM Arguments:
jvm_args: -XX:+ShowCodeDetailsInExceptionMessages -agentlib:jdwp=transport=dt_socket,suspend=y,address=localhost:64511 -Dcom.sun.management.jmxremote -Dcom.sun.management.jmxremote.port=64507 -Dcom.sun.management.jmxremote.authenticate=false -Dcom.sun.management.jmxremote.ssl=false -Djava.rmi.server.hostname=localhost -Dspring.jmx.enabled=true -Dspring.application.admin.enabled=true -XX:TieredStopAtLevel=1 -Dspring.boot.project.name=stock_java -javaagent:D:\Softwares\sts-4.10.0.RELEASE\configuration\org.eclipse.osgi\254\0\.cp\lib\javaagent-shaded.jar -Dfile.encoding=UTF-8 
java_command: com.tts.stock.StockJavaApplication --spring.output.ansi.enabled=always
java_class_path (initial): D:\Projects\stock_java\target\classes;C:\Users\HP\.m2\repository\org\springframework\boot\spring-boot-starter-actuator\2.7.3\spring-boot-starter-actuator-2.7.3.jar;C:\Users\HP\.m2\repository\org\springframework\boot\spring-boot-starter\2.7.3\spring-boot-starter-2.7.3.jar;C:\Users\HP\.m2\repository\org\springframework\boot\spring-boot-starter-logging\2.7.3\spring-boot-starter-logging-2.7.3.jar;C:\Users\HP\.m2\repository\ch\qos\logback\logback-classic\1.2.11\logback-classic-1.2.11.jar;C:\Users\HP\.m2\repository\ch\qos\logback\logback-core\1.2.11\logback-core-1.2.11.jar;C:\Users\HP\.m2\repository\org\apache\logging\log4j\log4j-to-slf4j\2.17.2\log4j-to-slf4j-2.17.2.jar;C:\Users\HP\.m2\repository\org\apache\logging\log4j\log4j-api\2.17.2\log4j-api-2.17.2.jar;C:\Users\HP\.m2\repository\org\slf4j\jul-to-slf4j\1.7.36\jul-to-slf4j-1.7.36.jar;C:\Users\HP\.m2\repository\jakarta\annotation\jakarta.annotation-api\1.3.5\jakarta.annotation-api-1.3.5.jar;C:\Users\HP\.m2\repository\org\yaml\snakeyaml\1.30\snakeyaml-1.30.jar;C:\Users\HP\.m2\repository\org\springframework\boot\spring-boot-actuator-autoconfigure\2.7.3\spring-boot-actuator-autoconfigure-2.7.3.jar;C:\Users\HP\.m2\repository\org\springframework\boot\spring-boot-actuator\2.7.3\spring-boot-actuator-2.7.3.jar;C:\Users\HP\.m2\repository\com\fasterxml\jackson\datatype\jackson-datatype-jsr310\2.13.3\jackson-datatype-jsr310-2.13.3.jar;C:\Users\HP\.m2\repository\io\micrometer\micrometer-core\1.9.3\micrometer-core-1.9.3.jar;C:\Users\HP\.m2\repository\org\hdrhistogram\HdrHistogram\2.1.12\HdrHistogram-2.1.12.jar;C:\Users\HP\.m2\repository\org\latencyutils\LatencyUtils\2.0.3\LatencyUtils-2.0.3.jar;C:\Users\HP\.m2\repository\org\springframework\boot\spring-boot-starter-data-jdbc\2.7.3\spring-boot-starter-data-jdbc-2.7.3.jar;C:\Users\HP\.m2\repository\org\springframework\boot\spring-boot-starter-jdbc\2.7.3\spring-boot-starter-jdbc-2.7.3.jar;C:\Users\HP\.m2\repository\com\zaxxer\HikariCP\4.0.3\HikariCP-4.0.3
Launcher Type: SUN_STANDARD

[Global flags]
     intx CICompilerCount                          = 3                                         {product} {ergonomic}
     uint ConcGCThreads                            = 1                                         {product} {ergonomic}
     uint G1ConcRefinementThreads                  = 4                                         {product} {ergonomic}
   size_t G1HeapRegionSize                         = 2097152                                   {product} {ergonomic}
    uintx GCDrainStackTargetSize                   = 64                                        {product} {ergonomic}
   size_t InitialHeapSize                          = 268435456                                 {product} {ergonomic}
     bool ManagementServer                         = true                                      {product} {command line}
   size_t MarkStackSize                            = 4194304                                   {product} {ergonomic}
   size_t MaxHeapSize                              = 4267704320                                {product} {ergonomic}
   size_t MaxNewSize                               = 2560622592                                {product} {ergonomic}
   size_t MinHeapDeltaBytes                        = 2097152                                   {product} {ergonomic}
   size_t MinHeapSize                              = 8388608                                   {product} {ergonomic}
    uintx NonNMethodCodeHeapSize                   = 6973028                                {pd product} {ergonomic}
    uintx NonProfiledCodeHeapSize                  = 244685212                              {pd product} {ergonomic}
    uintx ProfiledCodeHeapSize                     = 0                                      {pd product} {ergonomic}
    uintx ReservedCodeCacheSize                    = 251658240                              {pd product} {ergonomic}
     bool SegmentedCodeCache                       = true                                      {product} {ergonomic}
     bool ShowCodeDetailsInExceptionMessages       = true                                   {manageable} {command line}
   size_t SoftMaxHeapSize                          = 4267704320                             {manageable} {ergonomic}
     intx TieredStopAtLevel                        = 1                                         {product} {command line}
     bool UseCompressedClassPointers               = true                                 {lp64_product} {ergonomic}
     bool UseCompressedOops                        = true                                 {lp64_product} {ergonomic}
     bool UseG1GC                                  = true                                      {product} {ergonomic}
     bool UseLargePagesIndividualAllocation        = false                                  {pd product} {ergonomic}

Logging:
Log output configuration:
 #0: stdout all=warning uptime,level,tags
 #1: stderr all=off uptime,level,tags

Environment Variables:
JAVA_HOME=C:\Program Files (x86)\Java\jdk1.8.0_25
PATH=D:\Softwares\sts-4.10.0.RELEASE\plugins\org.eclipse.justj.openjdk.hotspot.jre.full.win32.x86_64_15.0.2.v20210201-0955\jre\bin;D:/Softwares/sts-4.10.0.RELEASE//plugins/org.eclipse.justj.openjdk.hotspot.jre.full.win32.x86_64_15.0.2.v20210201-0955/jre/bin/server;D:/Softwares/sts-4.10.0.RELEASE//plugins/org.eclipse.justj.openjdk.hotspot.jre.full.win32.x86_64_15.0.2.v20210201-0955/jre/bin;C:\Program Files\Common Files\Oracle\Java\javapath;C:\Windows\system32;C:\Windows;C:\Windows\System32\Wbem;C:\Windows\System32\WindowsPowerShell\v1.0\;C:\Windows\System32\OpenSSH\;C:\Program Files (x86)\Intel\Intel(R) Management Engine Components\DAL;C:\Program Files\Intel\Intel(R) Management Engine Components\DAL;C:\Program Files\dotnet\;C:\Program Files\Git\cmd;C:\Users\HP\AppData\Roaming\nvm;C:\Program Files\nodejs;C:\Program Files\nodejs\;C:\src\flutter\bin;C:\Program Files\dart-sdk\bin;;C:\Program Files\Docker\Docker\resources\bin;C:\Users\HP\AppData\Local\Microsoft\WindowsApps;C:\Users\HP\AppData\Local\Programs\Microsoft VS Code\bin;C:\Users\HP\AppData\Roaming\nvm;C:\Program Files\nodejs;C:\Users\HP\AppData\Roaming\npm;;D:\Softwares\sts-4.10.0.RELEASE;
USERNAME=HP
OS=Windows_NT
PROCESSOR_IDENTIFIER=Intel64 Family 6 Model 142 Stepping 9, GenuineIntel



---------------  S Y S T E M  ---------------

OS:
 Windows 10 , 64 bit Build 19041 (10.0.19041.5915)
OS uptime: 0 days 6:38 hours
HyperV virtualization detected

CPU: total 4 (initial active 4) (2 cores per cpu, 2 threads per core) family 6 model 142 stepping 9 microcode 0xf4, cmov, cx8, fxsr, mmx, sse, sse2, sse3, ssse3, sse4.1, sse4.2, popcnt, vzeroupper, avx, avx2, aes, clmul, erms, 3dnowpref, lzcnt, ht, tsc, tscinvbit, bmi1, bmi2, adx, fma, clflush, clflushopt

Memory: 4k page, system-wide physical 16277M (4417M free)
TotalPageFile size 33685M (AvailPageFile size 15200M)
current process WorkingSet (physical memory assigned to process): 407M, peak: 407M
current process commit charge ("private bytes"): 444M, peak: 444M

vm_info: OpenJDK 64-Bit Server VM (15.0.2+7-27) for windows-amd64 JRE (15.0.2+7-27), built on Dec  7 2020 20:02:38 by "mach5one" with unknown MS VC++:1925

END.
